   0  $accept : program $end

   1  program :
   2          | sentences
   3          | error

   4  sentences : sentence ';'
   5            | sentences sentence ';'
   6            | sentence error
   7            | error ';'

   8  sentence : declaration
   9           | executable

  10  declaration : type variable_list
  11              | procedure
  12              | variable_list
  13              | type

  14  variable_list : ID
  15                | ID ',' variable_list

  16  type : ULONGINT
  17       | DOUBLE

  18  true_false : TRUE
  19             | FALSE

  20  procedure : PROC ID '(' parameter_list ')' na_shad_definition proc_body
  21            | PROC ID '(' ')' na_shad_definition proc_body
  22            | PROC ID '(' parameter_list ')' na_shad_definition
  23            | PROC ID '(' ')' na_shad_definition
  24            | PROC '(' parameter_list ')' na_shad_definition proc_body
  25            | PROC '(' ')' na_shad_definition proc_body
  26            | PROC ID '(' error ')' na_shad_definition proc_body

  27  na_shad_definition : NA '=' CONSTANT SHADOWING '=' true_false
  28                     | '=' CONSTANT SHADOWING '=' true_false
  29                     | NA CONSTANT SHADOWING '=' true_false
  30                     | NA '=' SHADOWING '=' true_false
  31                     | NA '=' CONSTANT '=' true_false
  32                     | NA '=' CONSTANT SHADOWING true_false

  33  proc_body : '{' sentences '}'
  34            | '{' error '}'
  35            | '{' '}'

  36  parameter_list : parameter
  37                 | parameter ',' parameter
  38                 | parameter ',' parameter ',' parameter
  39                 | parameter ',' parameter ',' parameter ',' parameter_list

  40  parameter : type ID
  41            | type
  42            | ID

  43  id_list : ID
  44          | ID ',' ID
  45          | ID ',' ID ',' ID
  46          | ID ',' ID ',' ID ',' id_list

  47  procedure_call : ID '(' id_list ')'
  48                 | ID '(' ')'

  49  executable : ID '=' expression
  50             | ID '=' error
  51             | error '=' expression
  52             | ID EQUAL expression
  53             | if_clause
  54             | loop_clause
  55             | procedure_call
  56             | out_clause

  57  comparator : EQUAL
  58             | NEQUAL
  59             | LESSEQUAL
  60             | GREATEQUAL
  61             | '<'
  62             | '>'
  63             | '<' '<'
  64             | '>' '>'
  65             | LESSEQUAL '='
  66             | GREATEQUAL '='
  67             | NEQUAL '='
  68             | '<' '>'

  69  condition : expression comparator expression
  70            | expression '=' expression

  71  sentence_block : '{' sentences '}'
  72                 | sentence ';'
  73                 | '{' '}'

  74  if_clause : IF if_condition cpo_then ELSE cpo_else END_IF
  75            | IF if_condition cpo_then END_IF

  76  if_condition : '(' condition ')'

  77  cpo_then : sentence_block

  78  cpo_else : sentence_block

  79  loop_clause : LOOP sentence_block UNTIL '(' condition ')'
  80              | LOOP sentence_block error
  81              | LOOP sentence_block UNTIL '(' error ')'
  82              | LOOP error UNTIL '(' condition ')'
  83              | LOOP sentence_block UNTIL condition

  84  out_clause : OUT '(' CSTRING ')'
  85             | OUT '(' error ')'
  86             | OUT CSTRING

  87  expression : expression '+' term
  88             | expression '-' term
  89             | term
  90             | expression '+' error
  91             | expression '-' error
  92             | error '+' term
  93             | error '-' term
  94             | expression '+' '+' term

  95  term : term '*' factor
  96       | term '/' factor
  97       | factor
  98       | term '*' error
  99       | term '/' error
 100       | error '*' factor
 101       | error '/' factor
 102       | term '*' '*' factor
 103       | term '/' '/' factor

 104  factor : ID
 105         | CONSTANT
 106         | '-' CONSTANT

state 0
	$accept : . program $end  (0)
	program : .  (1)

	error  shift 1
	IF  shift 2
	OUT  shift 3
	ULONGINT  shift 4
	DOUBLE  shift 5
	LOOP  shift 6
	ID  shift 7
	PROC  shift 8
	$end  reduce 1

	program  goto 9
	sentences  goto 10
	sentence  goto 11
	declaration  goto 12
	executable  goto 13
	type  goto 14
	variable_list  goto 15
	procedure  goto 16
	procedure_call  goto 17
	if_clause  goto 18
	loop_clause  goto 19
	out_clause  goto 20


state 1
	program : error .  (3)
	sentences : error . ';'  (7)
	executable : error . '=' expression  (51)

	';'  shift 21
	'='  shift 22
	$end  reduce 3


state 2
	if_clause : IF . if_condition cpo_then ELSE cpo_else END_IF  (74)
	if_clause : IF . if_condition cpo_then END_IF  (75)

	'('  shift 23
	.  error

	if_condition  goto 24


state 3
	out_clause : OUT . '(' CSTRING ')'  (84)
	out_clause : OUT . '(' error ')'  (85)
	out_clause : OUT . CSTRING  (86)

	CSTRING  shift 25
	'('  shift 26
	.  error


state 4
	type : ULONGINT .  (16)

	.  reduce 16


state 5
	type : DOUBLE .  (17)

	.  reduce 17


state 6
	loop_clause : LOOP . sentence_block UNTIL '(' condition ')'  (79)
	loop_clause : LOOP . sentence_block error  (80)
	loop_clause : LOOP . sentence_block UNTIL '(' error ')'  (81)
	loop_clause : LOOP . error UNTIL '(' condition ')'  (82)
	loop_clause : LOOP . sentence_block UNTIL condition  (83)

	error  shift 27
	IF  shift 2
	OUT  shift 3
	ULONGINT  shift 4
	DOUBLE  shift 5
	LOOP  shift 6
	ID  shift 7
	PROC  shift 8
	'{'  shift 28
	.  error

	sentence  goto 29
	declaration  goto 12
	executable  goto 13
	type  goto 14
	variable_list  goto 15
	procedure  goto 16
	procedure_call  goto 17
	if_clause  goto 18
	loop_clause  goto 19
	out_clause  goto 20
	sentence_block  goto 30


state 7
	variable_list : ID .  (14)
	variable_list : ID . ',' variable_list  (15)
	procedure_call : ID . '(' id_list ')'  (47)
	procedure_call : ID . '(' ')'  (48)
	executable : ID . '=' expression  (49)
	executable : ID . '=' error  (50)
	executable : ID . EQUAL expression  (52)

	EQUAL  shift 31
	','  shift 32
	'('  shift 33
	'='  shift 34
	error  reduce 14
	';'  reduce 14


state 8
	procedure : PROC . ID '(' parameter_list ')' na_shad_definition proc_body  (20)
	procedure : PROC . ID '(' ')' na_shad_definition proc_body  (21)
	procedure : PROC . ID '(' parameter_list ')' na_shad_definition  (22)
	procedure : PROC . ID '(' ')' na_shad_definition  (23)
	procedure : PROC . '(' parameter_list ')' na_shad_definition proc_body  (24)
	procedure : PROC . '(' ')' na_shad_definition proc_body  (25)
	procedure : PROC . ID '(' error ')' na_shad_definition proc_body  (26)

	ID  shift 35
	'('  shift 36
	.  error


state 9
	$accept : program . $end  (0)

	$end  accept


state 10
	program : sentences .  (2)
	sentences : sentences . sentence ';'  (5)

	error  shift 37
	IF  shift 2
	OUT  shift 3
	ULONGINT  shift 4
	DOUBLE  shift 5
	LOOP  shift 6
	ID  shift 7
	PROC  shift 8
	$end  reduce 2

	sentence  goto 38
	declaration  goto 12
	executable  goto 13
	type  goto 14
	variable_list  goto 15
	procedure  goto 16
	procedure_call  goto 17
	if_clause  goto 18
	loop_clause  goto 19
	out_clause  goto 20


state 11
	sentences : sentence . ';'  (4)
	sentences : sentence . error  (6)

	error  shift 39
	';'  shift 40
	.  error


state 12
	sentence : declaration .  (8)

	.  reduce 8


state 13
	sentence : executable .  (9)

	.  reduce 9


state 14
	declaration : type . variable_list  (10)
	declaration : type .  (13)

	ID  shift 41
	error  reduce 13
	';'  reduce 13

	variable_list  goto 42


state 15
	declaration : variable_list .  (12)

	.  reduce 12


state 16
	declaration : procedure .  (11)

	.  reduce 11


state 17
	executable : procedure_call .  (55)

	.  reduce 55


state 18
	executable : if_clause .  (53)

	.  reduce 53


state 19
	executable : loop_clause .  (54)

	.  reduce 54


state 20
	executable : out_clause .  (56)

	.  reduce 56


state 21
	sentences : error ';' .  (7)

	.  reduce 7


state 22
	executable : error '=' . expression  (51)

	error  shift 43
	ID  shift 44
	CONSTANT  shift 45
	'-'  shift 46
	.  error

	expression  goto 47
	term  goto 48
	factor  goto 49


state 23
	if_condition : '(' . condition ')'  (76)

	error  shift 43
	ID  shift 44
	CONSTANT  shift 45
	'-'  shift 46
	.  error

	expression  goto 50
	condition  goto 51
	term  goto 48
	factor  goto 49


state 24
	if_clause : IF if_condition . cpo_then ELSE cpo_else END_IF  (74)
	if_clause : IF if_condition . cpo_then END_IF  (75)

	error  shift 37
	IF  shift 2
	OUT  shift 3
	ULONGINT  shift 4
	DOUBLE  shift 5
	LOOP  shift 6
	ID  shift 7
	PROC  shift 8
	'{'  shift 28
	.  error

	sentence  goto 29
	declaration  goto 12
	executable  goto 13
	type  goto 14
	variable_list  goto 15
	procedure  goto 16
	procedure_call  goto 17
	if_clause  goto 18
	loop_clause  goto 19
	out_clause  goto 20
	sentence_block  goto 52
	cpo_then  goto 53


state 25
	out_clause : OUT CSTRING .  (86)

	.  reduce 86


state 26
	out_clause : OUT '(' . CSTRING ')'  (84)
	out_clause : OUT '(' . error ')'  (85)

	error  shift 54
	CSTRING  shift 55
	.  error


state 27
	executable : error . '=' expression  (51)
	loop_clause : LOOP error . UNTIL '(' condition ')'  (82)

	UNTIL  shift 56
	'='  shift 22
	.  error


state 28
	sentence_block : '{' . sentences '}'  (71)
	sentence_block : '{' . '}'  (73)

	error  shift 57
	IF  shift 2
	OUT  shift 3
	ULONGINT  shift 4
	DOUBLE  shift 5
	LOOP  shift 6
	ID  shift 7
	PROC  shift 8
	'}'  shift 58
	.  error

	sentences  goto 59
	sentence  goto 11
	declaration  goto 12
	executable  goto 13
	type  goto 14
	variable_list  goto 15
	procedure  goto 16
	procedure_call  goto 17
	if_clause  goto 18
	loop_clause  goto 19
	out_clause  goto 20


state 29
	sentence_block : sentence . ';'  (72)

	';'  shift 60
	.  error


state 30
	loop_clause : LOOP sentence_block . UNTIL '(' condition ')'  (79)
	loop_clause : LOOP sentence_block . error  (80)
	loop_clause : LOOP sentence_block . UNTIL '(' error ')'  (81)
	loop_clause : LOOP sentence_block . UNTIL condition  (83)

	error  shift 61
	UNTIL  shift 62
	.  error


state 31
	executable : ID EQUAL . expression  (52)

	error  shift 43
	ID  shift 44
	CONSTANT  shift 45
	'-'  shift 46
	.  error

	expression  goto 63
	term  goto 48
	factor  goto 49


state 32
	variable_list : ID ',' . variable_list  (15)

	ID  shift 41
	.  error

	variable_list  goto 64


state 33
	procedure_call : ID '(' . id_list ')'  (47)
	procedure_call : ID '(' . ')'  (48)

	ID  shift 65
	')'  shift 66
	.  error

	id_list  goto 67


state 34
	executable : ID '=' . expression  (49)
	executable : ID '=' . error  (50)

	error  shift 68
	ID  shift 44
	CONSTANT  shift 45
	'-'  shift 46
	.  error

	expression  goto 69
	term  goto 48
	factor  goto 49


state 35
	procedure : PROC ID . '(' parameter_list ')' na_shad_definition proc_body  (20)
	procedure : PROC ID . '(' ')' na_shad_definition proc_body  (21)
	procedure : PROC ID . '(' parameter_list ')' na_shad_definition  (22)
	procedure : PROC ID . '(' ')' na_shad_definition  (23)
	procedure : PROC ID . '(' error ')' na_shad_definition proc_body  (26)

	'('  shift 70
	.  error


state 36
	procedure : PROC '(' . parameter_list ')' na_shad_definition proc_body  (24)
	procedure : PROC '(' . ')' na_shad_definition proc_body  (25)

	ULONGINT  shift 4
	DOUBLE  shift 5
	ID  shift 71
	')'  shift 72
	.  error

	type  goto 73
	parameter_list  goto 74
	parameter  goto 75


state 37
	executable : error . '=' expression  (51)

	'='  shift 22
	.  error


state 38
	sentences : sentences sentence . ';'  (5)

	';'  shift 76
	.  error


state 39
	sentences : sentence error .  (6)

	.  reduce 6


state 40
	sentences : sentence ';' .  (4)

	.  reduce 4


state 41
	variable_list : ID .  (14)
	variable_list : ID . ',' variable_list  (15)

	','  shift 32
	error  reduce 14
	';'  reduce 14


state 42
	declaration : type variable_list .  (10)

	.  reduce 10


state 43
	expression : error . '+' term  (92)
	expression : error . '-' term  (93)
	term : error . '*' factor  (100)
	term : error . '/' factor  (101)

	'+'  shift 77
	'-'  shift 78
	'*'  shift 79
	'/'  shift 80
	.  error


state 44
	factor : ID .  (104)

	.  reduce 104


state 45
	factor : CONSTANT .  (105)

	.  reduce 105


state 46
	factor : '-' . CONSTANT  (106)

	CONSTANT  shift 81
	.  error


state 47
	executable : error '=' expression .  (51)
	expression : expression . '+' term  (87)
	expression : expression . '-' term  (88)
	expression : expression . '+' error  (90)
	expression : expression . '-' error  (91)
	expression : expression . '+' '+' term  (94)

	'+'  shift 82
	'-'  shift 83
	error  reduce 51
	';'  reduce 51


state 48
	expression : term .  (89)
	term : term . '*' factor  (95)
	term : term . '/' factor  (96)
	term : term . '*' error  (98)
	term : term . '/' error  (99)
	term : term . '*' '*' factor  (102)
	term : term . '/' '/' factor  (103)

	'*'  shift 84
	'/'  shift 85
	error  reduce 89
	LESSEQUAL  reduce 89
	GREATEQUAL  reduce 89
	EQUAL  reduce 89
	NEQUAL  reduce 89
	';'  reduce 89
	')'  reduce 89
	'='  reduce 89
	'<'  reduce 89
	'>'  reduce 89
	'+'  reduce 89
	'-'  reduce 89


state 49
	term : factor .  (97)

	.  reduce 97


state 50
	condition : expression . comparator expression  (69)
	condition : expression . '=' expression  (70)
	expression : expression . '+' term  (87)
	expression : expression . '-' term  (88)
	expression : expression . '+' error  (90)
	expression : expression . '-' error  (91)
	expression : expression . '+' '+' term  (94)

	LESSEQUAL  shift 86
	GREATEQUAL  shift 87
	EQUAL  shift 88
	NEQUAL  shift 89
	'='  shift 90
	'<'  shift 91
	'>'  shift 92
	'+'  shift 82
	'-'  shift 83
	.  error

	comparator  goto 93


state 51
	if_condition : '(' condition . ')'  (76)

	')'  shift 94
	.  error


state 52
	cpo_then : sentence_block .  (77)

	.  reduce 77


state 53
	if_clause : IF if_condition cpo_then . ELSE cpo_else END_IF  (74)
	if_clause : IF if_condition cpo_then . END_IF  (75)

	ELSE  shift 95
	END_IF  shift 96
	.  error


state 54
	out_clause : OUT '(' error . ')'  (85)

	')'  shift 97
	.  error


state 55
	out_clause : OUT '(' CSTRING . ')'  (84)

	')'  shift 98
	.  error


state 56
	loop_clause : LOOP error UNTIL . '(' condition ')'  (82)

	'('  shift 99
	.  error


state 57
	sentences : error . ';'  (7)
	executable : error . '=' expression  (51)

	';'  shift 21
	'='  shift 22
	.  error


state 58
	sentence_block : '{' '}' .  (73)

	.  reduce 73


state 59
	sentences : sentences . sentence ';'  (5)
	sentence_block : '{' sentences . '}'  (71)

	error  shift 37
	IF  shift 2
	OUT  shift 3
	ULONGINT  shift 4
	DOUBLE  shift 5
	LOOP  shift 6
	ID  shift 7
	PROC  shift 8
	'}'  shift 100
	.  error

	sentence  goto 38
	declaration  goto 12
	executable  goto 13
	type  goto 14
	variable_list  goto 15
	procedure  goto 16
	procedure_call  goto 17
	if_clause  goto 18
	loop_clause  goto 19
	out_clause  goto 20


state 60
	sentence_block : sentence ';' .  (72)

	.  reduce 72


state 61
	loop_clause : LOOP sentence_block error .  (80)

	.  reduce 80


state 62
	loop_clause : LOOP sentence_block UNTIL . '(' condition ')'  (79)
	loop_clause : LOOP sentence_block UNTIL . '(' error ')'  (81)
	loop_clause : LOOP sentence_block UNTIL . condition  (83)

	error  shift 43
	ID  shift 44
	CONSTANT  shift 45
	'('  shift 101
	'-'  shift 46
	.  error

	expression  goto 50
	condition  goto 102
	term  goto 48
	factor  goto 49


state 63
	executable : ID EQUAL expression .  (52)
	expression : expression . '+' term  (87)
	expression : expression . '-' term  (88)
	expression : expression . '+' error  (90)
	expression : expression . '-' error  (91)
	expression : expression . '+' '+' term  (94)

	'+'  shift 82
	'-'  shift 83
	error  reduce 52
	';'  reduce 52


state 64
	variable_list : ID ',' variable_list .  (15)

	.  reduce 15


state 65
	id_list : ID .  (43)
	id_list : ID . ',' ID  (44)
	id_list : ID . ',' ID ',' ID  (45)
	id_list : ID . ',' ID ',' ID ',' id_list  (46)

	','  shift 103
	')'  reduce 43


state 66
	procedure_call : ID '(' ')' .  (48)

	.  reduce 48


state 67
	procedure_call : ID '(' id_list . ')'  (47)

	')'  shift 104
	.  error


state 68
	executable : ID '=' error .  (50)
	expression : error . '+' term  (92)
	expression : error . '-' term  (93)
	term : error . '*' factor  (100)
	term : error . '/' factor  (101)

	'+'  shift 77
	'-'  shift 78
	'*'  shift 79
	'/'  shift 80
	error  reduce 50
	';'  reduce 50


state 69
	executable : ID '=' expression .  (49)
	expression : expression . '+' term  (87)
	expression : expression . '-' term  (88)
	expression : expression . '+' error  (90)
	expression : expression . '-' error  (91)
	expression : expression . '+' '+' term  (94)

	'+'  shift 82
	'-'  shift 83
	error  reduce 49
	';'  reduce 49


state 70
	procedure : PROC ID '(' . parameter_list ')' na_shad_definition proc_body  (20)
	procedure : PROC ID '(' . ')' na_shad_definition proc_body  (21)
	procedure : PROC ID '(' . parameter_list ')' na_shad_definition  (22)
	procedure : PROC ID '(' . ')' na_shad_definition  (23)
	procedure : PROC ID '(' . error ')' na_shad_definition proc_body  (26)

	error  shift 105
	ULONGINT  shift 4
	DOUBLE  shift 5
	ID  shift 71
	')'  shift 106
	.  error

	type  goto 73
	parameter_list  goto 107
	parameter  goto 75


state 71
	parameter : ID .  (42)

	.  reduce 42


state 72
	procedure : PROC '(' ')' . na_shad_definition proc_body  (25)

	NA  shift 108
	'='  shift 109
	.  error

	na_shad_definition  goto 110


state 73
	parameter : type . ID  (40)
	parameter : type .  (41)

	ID  shift 111
	','  reduce 41
	')'  reduce 41


state 74
	procedure : PROC '(' parameter_list . ')' na_shad_definition proc_body  (24)

	')'  shift 112
	.  error


state 75
	parameter_list : parameter .  (36)
	parameter_list : parameter . ',' parameter  (37)
	parameter_list : parameter . ',' parameter ',' parameter  (38)
	parameter_list : parameter . ',' parameter ',' parameter ',' parameter_list  (39)

	','  shift 113
	')'  reduce 36


state 76
	sentences : sentences sentence ';' .  (5)

	.  reduce 5


state 77
	expression : error '+' . term  (92)

	error  shift 114
	ID  shift 44
	CONSTANT  shift 45
	'-'  shift 46
	.  error

	term  goto 115
	factor  goto 49


state 78
	expression : error '-' . term  (93)

	error  shift 114
	ID  shift 44
	CONSTANT  shift 45
	'-'  shift 46
	.  error

	term  goto 116
	factor  goto 49


state 79
	term : error '*' . factor  (100)

	ID  shift 44
	CONSTANT  shift 45
	'-'  shift 46
	.  error

	factor  goto 117


state 80
	term : error '/' . factor  (101)

	ID  shift 44
	CONSTANT  shift 45
	'-'  shift 46
	.  error

	factor  goto 118


state 81
	factor : '-' CONSTANT .  (106)

	.  reduce 106


state 82
	expression : expression '+' . term  (87)
	expression : expression '+' . error  (90)
	expression : expression '+' . '+' term  (94)

	error  shift 119
	ID  shift 44
	CONSTANT  shift 45
	'+'  shift 120
	'-'  shift 46
	.  error

	term  goto 121
	factor  goto 49


state 83
	expression : expression '-' . term  (88)
	expression : expression '-' . error  (91)

	error  shift 122
	ID  shift 44
	CONSTANT  shift 45
	'-'  shift 46
	.  error

	term  goto 123
	factor  goto 49


state 84
	term : term '*' . factor  (95)
	term : term '*' . error  (98)
	term : term '*' . '*' factor  (102)

	error  shift 124
	ID  shift 44
	CONSTANT  shift 45
	'-'  shift 46
	'*'  shift 125
	.  error

	factor  goto 126


state 85
	term : term '/' . factor  (96)
	term : term '/' . error  (99)
	term : term '/' . '/' factor  (103)

	error  shift 127
	ID  shift 44
	CONSTANT  shift 45
	'-'  shift 46
	'/'  shift 128
	.  error

	factor  goto 129


state 86
	comparator : LESSEQUAL .  (59)
	comparator : LESSEQUAL . '='  (65)

	'='  shift 130
	error  reduce 59
	ID  reduce 59
	CONSTANT  reduce 59
	'-'  reduce 59


state 87
	comparator : GREATEQUAL .  (60)
	comparator : GREATEQUAL . '='  (66)

	'='  shift 131
	error  reduce 60
	ID  reduce 60
	CONSTANT  reduce 60
	'-'  reduce 60


state 88
	comparator : EQUAL .  (57)

	.  reduce 57


state 89
	comparator : NEQUAL .  (58)
	comparator : NEQUAL . '='  (67)

	'='  shift 132
	error  reduce 58
	ID  reduce 58
	CONSTANT  reduce 58
	'-'  reduce 58


state 90
	condition : expression '=' . expression  (70)

	error  shift 43
	ID  shift 44
	CONSTANT  shift 45
	'-'  shift 46
	.  error

	expression  goto 133
	term  goto 48
	factor  goto 49


state 91
	comparator : '<' .  (61)
	comparator : '<' . '<'  (63)
	comparator : '<' . '>'  (68)

	'<'  shift 134
	'>'  shift 135
	error  reduce 61
	ID  reduce 61
	CONSTANT  reduce 61
	'-'  reduce 61


state 92
	comparator : '>' .  (62)
	comparator : '>' . '>'  (64)

	'>'  shift 136
	error  reduce 62
	ID  reduce 62
	CONSTANT  reduce 62
	'-'  reduce 62


state 93
	condition : expression comparator . expression  (69)

	error  shift 43
	ID  shift 44
	CONSTANT  shift 45
	'-'  shift 46
	.  error

	expression  goto 137
	term  goto 48
	factor  goto 49


state 94
	if_condition : '(' condition ')' .  (76)

	.  reduce 76


state 95
	if_clause : IF if_condition cpo_then ELSE . cpo_else END_IF  (74)

	error  shift 37
	IF  shift 2
	OUT  shift 3
	ULONGINT  shift 4
	DOUBLE  shift 5
	LOOP  shift 6
	ID  shift 7
	PROC  shift 8
	'{'  shift 28
	.  error

	sentence  goto 29
	declaration  goto 12
	executable  goto 13
	type  goto 14
	variable_list  goto 15
	procedure  goto 16
	procedure_call  goto 17
	if_clause  goto 18
	loop_clause  goto 19
	out_clause  goto 20
	sentence_block  goto 138
	cpo_else  goto 139


state 96
	if_clause : IF if_condition cpo_then END_IF .  (75)

	.  reduce 75


state 97
	out_clause : OUT '(' error ')' .  (85)

	.  reduce 85


state 98
	out_clause : OUT '(' CSTRING ')' .  (84)

	.  reduce 84


state 99
	loop_clause : LOOP error UNTIL '(' . condition ')'  (82)

	error  shift 43
	ID  shift 44
	CONSTANT  shift 45
	'-'  shift 46
	.  error

	expression  goto 50
	condition  goto 140
	term  goto 48
	factor  goto 49


state 100
	sentence_block : '{' sentences '}' .  (71)

	.  reduce 71


state 101
	loop_clause : LOOP sentence_block UNTIL '(' . condition ')'  (79)
	loop_clause : LOOP sentence_block UNTIL '(' . error ')'  (81)

	error  shift 141
	ID  shift 44
	CONSTANT  shift 45
	'-'  shift 46
	.  error

	expression  goto 50
	condition  goto 142
	term  goto 48
	factor  goto 49


state 102
	loop_clause : LOOP sentence_block UNTIL condition .  (83)

	.  reduce 83


state 103
	id_list : ID ',' . ID  (44)
	id_list : ID ',' . ID ',' ID  (45)
	id_list : ID ',' . ID ',' ID ',' id_list  (46)

	ID  shift 143
	.  error


state 104
	procedure_call : ID '(' id_list ')' .  (47)

	.  reduce 47


state 105
	procedure : PROC ID '(' error . ')' na_shad_definition proc_body  (26)

	')'  shift 144
	.  error


state 106
	procedure : PROC ID '(' ')' . na_shad_definition proc_body  (21)
	procedure : PROC ID '(' ')' . na_shad_definition  (23)

	NA  shift 108
	'='  shift 109
	.  error

	na_shad_definition  goto 145


state 107
	procedure : PROC ID '(' parameter_list . ')' na_shad_definition proc_body  (20)
	procedure : PROC ID '(' parameter_list . ')' na_shad_definition  (22)

	')'  shift 146
	.  error


state 108
	na_shad_definition : NA . '=' CONSTANT SHADOWING '=' true_false  (27)
	na_shad_definition : NA . CONSTANT SHADOWING '=' true_false  (29)
	na_shad_definition : NA . '=' SHADOWING '=' true_false  (30)
	na_shad_definition : NA . '=' CONSTANT '=' true_false  (31)
	na_shad_definition : NA . '=' CONSTANT SHADOWING true_false  (32)

	CONSTANT  shift 147
	'='  shift 148
	.  error


state 109
	na_shad_definition : '=' . CONSTANT SHADOWING '=' true_false  (28)

	CONSTANT  shift 149
	.  error


state 110
	procedure : PROC '(' ')' na_shad_definition . proc_body  (25)

	'{'  shift 150
	.  error

	proc_body  goto 151


state 111
	parameter : type ID .  (40)

	.  reduce 40


state 112
	procedure : PROC '(' parameter_list ')' . na_shad_definition proc_body  (24)

	NA  shift 108
	'='  shift 109
	.  error

	na_shad_definition  goto 152


state 113
	parameter_list : parameter ',' . parameter  (37)
	parameter_list : parameter ',' . parameter ',' parameter  (38)
	parameter_list : parameter ',' . parameter ',' parameter ',' parameter_list  (39)

	ULONGINT  shift 4
	DOUBLE  shift 5
	ID  shift 71
	.  error

	type  goto 73
	parameter  goto 153


state 114
	term : error . '*' factor  (100)
	term : error . '/' factor  (101)

	'*'  shift 79
	'/'  shift 80
	.  error


state 115
	expression : error '+' term .  (92)
	term : term . '*' factor  (95)
	term : term . '/' factor  (96)
	term : term . '*' error  (98)
	term : term . '/' error  (99)
	term : term . '*' '*' factor  (102)
	term : term . '/' '/' factor  (103)

	'*'  shift 84
	'/'  shift 85
	error  reduce 92
	LESSEQUAL  reduce 92
	GREATEQUAL  reduce 92
	EQUAL  reduce 92
	NEQUAL  reduce 92
	';'  reduce 92
	')'  reduce 92
	'='  reduce 92
	'<'  reduce 92
	'>'  reduce 92
	'+'  reduce 92
	'-'  reduce 92


state 116
	expression : error '-' term .  (93)
	term : term . '*' factor  (95)
	term : term . '/' factor  (96)
	term : term . '*' error  (98)
	term : term . '/' error  (99)
	term : term . '*' '*' factor  (102)
	term : term . '/' '/' factor  (103)

	'*'  shift 84
	'/'  shift 85
	error  reduce 93
	LESSEQUAL  reduce 93
	GREATEQUAL  reduce 93
	EQUAL  reduce 93
	NEQUAL  reduce 93
	';'  reduce 93
	')'  reduce 93
	'='  reduce 93
	'<'  reduce 93
	'>'  reduce 93
	'+'  reduce 93
	'-'  reduce 93


state 117
	term : error '*' factor .  (100)

	.  reduce 100


state 118
	term : error '/' factor .  (101)

	.  reduce 101


state 119
	expression : expression '+' error .  (90)
	term : error . '*' factor  (100)
	term : error . '/' factor  (101)

	'*'  shift 79
	'/'  shift 80
	error  reduce 90
	LESSEQUAL  reduce 90
	GREATEQUAL  reduce 90
	EQUAL  reduce 90
	NEQUAL  reduce 90
	';'  reduce 90
	')'  reduce 90
	'='  reduce 90
	'<'  reduce 90
	'>'  reduce 90
	'+'  reduce 90
	'-'  reduce 90


state 120
	expression : expression '+' '+' . term  (94)

	error  shift 114
	ID  shift 44
	CONSTANT  shift 45
	'-'  shift 46
	.  error

	term  goto 154
	factor  goto 49


state 121
	expression : expression '+' term .  (87)
	term : term . '*' factor  (95)
	term : term . '/' factor  (96)
	term : term . '*' error  (98)
	term : term . '/' error  (99)
	term : term . '*' '*' factor  (102)
	term : term . '/' '/' factor  (103)

	'*'  shift 84
	'/'  shift 85
	error  reduce 87
	LESSEQUAL  reduce 87
	GREATEQUAL  reduce 87
	EQUAL  reduce 87
	NEQUAL  reduce 87
	';'  reduce 87
	')'  reduce 87
	'='  reduce 87
	'<'  reduce 87
	'>'  reduce 87
	'+'  reduce 87
	'-'  reduce 87


state 122
	expression : expression '-' error .  (91)
	term : error . '*' factor  (100)
	term : error . '/' factor  (101)

	'*'  shift 79
	'/'  shift 80
	error  reduce 91
	LESSEQUAL  reduce 91
	GREATEQUAL  reduce 91
	EQUAL  reduce 91
	NEQUAL  reduce 91
	';'  reduce 91
	')'  reduce 91
	'='  reduce 91
	'<'  reduce 91
	'>'  reduce 91
	'+'  reduce 91
	'-'  reduce 91


state 123
	expression : expression '-' term .  (88)
	term : term . '*' factor  (95)
	term : term . '/' factor  (96)
	term : term . '*' error  (98)
	term : term . '/' error  (99)
	term : term . '*' '*' factor  (102)
	term : term . '/' '/' factor  (103)

	'*'  shift 84
	'/'  shift 85
	error  reduce 88
	LESSEQUAL  reduce 88
	GREATEQUAL  reduce 88
	EQUAL  reduce 88
	NEQUAL  reduce 88
	';'  reduce 88
	')'  reduce 88
	'='  reduce 88
	'<'  reduce 88
	'>'  reduce 88
	'+'  reduce 88
	'-'  reduce 88


state 124
	term : term '*' error .  (98)

	.  reduce 98


state 125
	term : term '*' '*' . factor  (102)

	ID  shift 44
	CONSTANT  shift 45
	'-'  shift 46
	.  error

	factor  goto 155


state 126
	term : term '*' factor .  (95)

	.  reduce 95


state 127
	term : term '/' error .  (99)

	.  reduce 99


state 128
	term : term '/' '/' . factor  (103)

	ID  shift 44
	CONSTANT  shift 45
	'-'  shift 46
	.  error

	factor  goto 156


state 129
	term : term '/' factor .  (96)

	.  reduce 96


state 130
	comparator : LESSEQUAL '=' .  (65)

	.  reduce 65


state 131
	comparator : GREATEQUAL '=' .  (66)

	.  reduce 66


state 132
	comparator : NEQUAL '=' .  (67)

	.  reduce 67


state 133
	condition : expression '=' expression .  (70)
	expression : expression . '+' term  (87)
	expression : expression . '-' term  (88)
	expression : expression . '+' error  (90)
	expression : expression . '-' error  (91)
	expression : expression . '+' '+' term  (94)

	'+'  shift 82
	'-'  shift 83
	error  reduce 70
	';'  reduce 70
	')'  reduce 70


state 134
	comparator : '<' '<' .  (63)

	.  reduce 63


state 135
	comparator : '<' '>' .  (68)

	.  reduce 68


state 136
	comparator : '>' '>' .  (64)

	.  reduce 64


state 137
	condition : expression comparator expression .  (69)
	expression : expression . '+' term  (87)
	expression : expression . '-' term  (88)
	expression : expression . '+' error  (90)
	expression : expression . '-' error  (91)
	expression : expression . '+' '+' term  (94)

	'+'  shift 82
	'-'  shift 83
	error  reduce 69
	';'  reduce 69
	')'  reduce 69


state 138
	cpo_else : sentence_block .  (78)

	.  reduce 78


state 139
	if_clause : IF if_condition cpo_then ELSE cpo_else . END_IF  (74)

	END_IF  shift 157
	.  error


state 140
	loop_clause : LOOP error UNTIL '(' condition . ')'  (82)

	')'  shift 158
	.  error


state 141
	loop_clause : LOOP sentence_block UNTIL '(' error . ')'  (81)
	expression : error . '+' term  (92)
	expression : error . '-' term  (93)
	term : error . '*' factor  (100)
	term : error . '/' factor  (101)

	')'  shift 159
	'+'  shift 77
	'-'  shift 78
	'*'  shift 79
	'/'  shift 80
	.  error


state 142
	loop_clause : LOOP sentence_block UNTIL '(' condition . ')'  (79)

	')'  shift 160
	.  error


state 143
	id_list : ID ',' ID .  (44)
	id_list : ID ',' ID . ',' ID  (45)
	id_list : ID ',' ID . ',' ID ',' id_list  (46)

	','  shift 161
	')'  reduce 44


state 144
	procedure : PROC ID '(' error ')' . na_shad_definition proc_body  (26)

	NA  shift 108
	'='  shift 109
	.  error

	na_shad_definition  goto 162


state 145
	procedure : PROC ID '(' ')' na_shad_definition . proc_body  (21)
	procedure : PROC ID '(' ')' na_shad_definition .  (23)

	'{'  shift 150
	error  reduce 23
	';'  reduce 23

	proc_body  goto 163


state 146
	procedure : PROC ID '(' parameter_list ')' . na_shad_definition proc_body  (20)
	procedure : PROC ID '(' parameter_list ')' . na_shad_definition  (22)

	NA  shift 108
	'='  shift 109
	.  error

	na_shad_definition  goto 164


state 147
	na_shad_definition : NA CONSTANT . SHADOWING '=' true_false  (29)

	SHADOWING  shift 165
	.  error


state 148
	na_shad_definition : NA '=' . CONSTANT SHADOWING '=' true_false  (27)
	na_shad_definition : NA '=' . SHADOWING '=' true_false  (30)
	na_shad_definition : NA '=' . CONSTANT '=' true_false  (31)
	na_shad_definition : NA '=' . CONSTANT SHADOWING true_false  (32)

	CONSTANT  shift 166
	SHADOWING  shift 167
	.  error


state 149
	na_shad_definition : '=' CONSTANT . SHADOWING '=' true_false  (28)

	SHADOWING  shift 168
	.  error


state 150
	proc_body : '{' . sentences '}'  (33)
	proc_body : '{' . error '}'  (34)
	proc_body : '{' . '}'  (35)

	error  shift 169
	IF  shift 2
	OUT  shift 3
	ULONGINT  shift 4
	DOUBLE  shift 5
	LOOP  shift 6
	ID  shift 7
	PROC  shift 8
	'}'  shift 170
	.  error

	sentences  goto 171
	sentence  goto 11
	declaration  goto 12
	executable  goto 13
	type  goto 14
	variable_list  goto 15
	procedure  goto 16
	procedure_call  goto 17
	if_clause  goto 18
	loop_clause  goto 19
	out_clause  goto 20


state 151
	procedure : PROC '(' ')' na_shad_definition proc_body .  (25)

	.  reduce 25


state 152
	procedure : PROC '(' parameter_list ')' na_shad_definition . proc_body  (24)

	'{'  shift 150
	.  error

	proc_body  goto 172


state 153
	parameter_list : parameter ',' parameter .  (37)
	parameter_list : parameter ',' parameter . ',' parameter  (38)
	parameter_list : parameter ',' parameter . ',' parameter ',' parameter_list  (39)

	','  shift 173
	')'  reduce 37


state 154
	expression : expression '+' '+' term .  (94)
	term : term . '*' factor  (95)
	term : term . '/' factor  (96)
	term : term . '*' error  (98)
	term : term . '/' error  (99)
	term : term . '*' '*' factor  (102)
	term : term . '/' '/' factor  (103)

	'*'  shift 84
	'/'  shift 85
	error  reduce 94
	LESSEQUAL  reduce 94
	GREATEQUAL  reduce 94
	EQUAL  reduce 94
	NEQUAL  reduce 94
	';'  reduce 94
	')'  reduce 94
	'='  reduce 94
	'<'  reduce 94
	'>'  reduce 94
	'+'  reduce 94
	'-'  reduce 94


state 155
	term : term '*' '*' factor .  (102)

	.  reduce 102


state 156
	term : term '/' '/' factor .  (103)

	.  reduce 103


state 157
	if_clause : IF if_condition cpo_then ELSE cpo_else END_IF .  (74)

	.  reduce 74


state 158
	loop_clause : LOOP error UNTIL '(' condition ')' .  (82)

	.  reduce 82


state 159
	loop_clause : LOOP sentence_block UNTIL '(' error ')' .  (81)

	.  reduce 81


state 160
	loop_clause : LOOP sentence_block UNTIL '(' condition ')' .  (79)

	.  reduce 79


state 161
	id_list : ID ',' ID ',' . ID  (45)
	id_list : ID ',' ID ',' . ID ',' id_list  (46)

	ID  shift 174
	.  error


state 162
	procedure : PROC ID '(' error ')' na_shad_definition . proc_body  (26)

	'{'  shift 150
	.  error

	proc_body  goto 175


state 163
	procedure : PROC ID '(' ')' na_shad_definition proc_body .  (21)

	.  reduce 21


state 164
	procedure : PROC ID '(' parameter_list ')' na_shad_definition . proc_body  (20)
	procedure : PROC ID '(' parameter_list ')' na_shad_definition .  (22)

	'{'  shift 150
	error  reduce 22
	';'  reduce 22

	proc_body  goto 176


state 165
	na_shad_definition : NA CONSTANT SHADOWING . '=' true_false  (29)

	'='  shift 177
	.  error


state 166
	na_shad_definition : NA '=' CONSTANT . SHADOWING '=' true_false  (27)
	na_shad_definition : NA '=' CONSTANT . '=' true_false  (31)
	na_shad_definition : NA '=' CONSTANT . SHADOWING true_false  (32)

	SHADOWING  shift 178
	'='  shift 179
	.  error


state 167
	na_shad_definition : NA '=' SHADOWING . '=' true_false  (30)

	'='  shift 180
	.  error


state 168
	na_shad_definition : '=' CONSTANT SHADOWING . '=' true_false  (28)

	'='  shift 181
	.  error


state 169
	sentences : error . ';'  (7)
	proc_body : '{' error . '}'  (34)
	executable : error . '=' expression  (51)

	';'  shift 21
	'='  shift 22
	'}'  shift 182
	.  error


state 170
	proc_body : '{' '}' .  (35)

	.  reduce 35


state 171
	sentences : sentences . sentence ';'  (5)
	proc_body : '{' sentences . '}'  (33)

	error  shift 37
	IF  shift 2
	OUT  shift 3
	ULONGINT  shift 4
	DOUBLE  shift 5
	LOOP  shift 6
	ID  shift 7
	PROC  shift 8
	'}'  shift 183
	.  error

	sentence  goto 38
	declaration  goto 12
	executable  goto 13
	type  goto 14
	variable_list  goto 15
	procedure  goto 16
	procedure_call  goto 17
	if_clause  goto 18
	loop_clause  goto 19
	out_clause  goto 20


state 172
	procedure : PROC '(' parameter_list ')' na_shad_definition proc_body .  (24)

	.  reduce 24


state 173
	parameter_list : parameter ',' parameter ',' . parameter  (38)
	parameter_list : parameter ',' parameter ',' . parameter ',' parameter_list  (39)

	ULONGINT  shift 4
	DOUBLE  shift 5
	ID  shift 71
	.  error

	type  goto 73
	parameter  goto 184


state 174
	id_list : ID ',' ID ',' ID .  (45)
	id_list : ID ',' ID ',' ID . ',' id_list  (46)

	','  shift 185
	')'  reduce 45


state 175
	procedure : PROC ID '(' error ')' na_shad_definition proc_body .  (26)

	.  reduce 26


state 176
	procedure : PROC ID '(' parameter_list ')' na_shad_definition proc_body .  (20)

	.  reduce 20


state 177
	na_shad_definition : NA CONSTANT SHADOWING '=' . true_false  (29)

	TRUE  shift 186
	FALSE  shift 187
	.  error

	true_false  goto 188


state 178
	na_shad_definition : NA '=' CONSTANT SHADOWING . '=' true_false  (27)
	na_shad_definition : NA '=' CONSTANT SHADOWING . true_false  (32)

	TRUE  shift 186
	FALSE  shift 187
	'='  shift 189
	.  error

	true_false  goto 190


state 179
	na_shad_definition : NA '=' CONSTANT '=' . true_false  (31)

	TRUE  shift 186
	FALSE  shift 187
	.  error

	true_false  goto 191


state 180
	na_shad_definition : NA '=' SHADOWING '=' . true_false  (30)

	TRUE  shift 186
	FALSE  shift 187
	.  error

	true_false  goto 192


state 181
	na_shad_definition : '=' CONSTANT SHADOWING '=' . true_false  (28)

	TRUE  shift 186
	FALSE  shift 187
	.  error

	true_false  goto 193


state 182
	proc_body : '{' error '}' .  (34)

	.  reduce 34


state 183
	proc_body : '{' sentences '}' .  (33)

	.  reduce 33


state 184
	parameter_list : parameter ',' parameter ',' parameter .  (38)
	parameter_list : parameter ',' parameter ',' parameter . ',' parameter_list  (39)

	','  shift 194
	')'  reduce 38


state 185
	id_list : ID ',' ID ',' ID ',' . id_list  (46)

	ID  shift 65
	.  error

	id_list  goto 195


state 186
	true_false : TRUE .  (18)

	.  reduce 18


state 187
	true_false : FALSE .  (19)

	.  reduce 19


state 188
	na_shad_definition : NA CONSTANT SHADOWING '=' true_false .  (29)

	.  reduce 29


state 189
	na_shad_definition : NA '=' CONSTANT SHADOWING '=' . true_false  (27)

	TRUE  shift 186
	FALSE  shift 187
	.  error

	true_false  goto 196


state 190
	na_shad_definition : NA '=' CONSTANT SHADOWING true_false .  (32)

	.  reduce 32


state 191
	na_shad_definition : NA '=' CONSTANT '=' true_false .  (31)

	.  reduce 31


state 192
	na_shad_definition : NA '=' SHADOWING '=' true_false .  (30)

	.  reduce 30


state 193
	na_shad_definition : '=' CONSTANT SHADOWING '=' true_false .  (28)

	.  reduce 28


state 194
	parameter_list : parameter ',' parameter ',' parameter ',' . parameter_list  (39)

	ULONGINT  shift 4
	DOUBLE  shift 5
	ID  shift 71
	.  error

	type  goto 73
	parameter_list  goto 197
	parameter  goto 75


state 195
	id_list : ID ',' ID ',' ID ',' id_list .  (46)

	.  reduce 46


state 196
	na_shad_definition : NA '=' CONSTANT SHADOWING '=' true_false .  (27)

	.  reduce 27


state 197
	parameter_list : parameter ',' parameter ',' parameter ',' parameter_list .  (39)

	.  reduce 39


40 terminals, 28 nonterminals
107 grammar rules, 198 states
